--- Startup times for process: Primary (or UI client) ---

times in msec
 clock   self+sourced   self:  sourced script
 clock   elapsed:              other lines

000.002  000.002: --- NVIM STARTING ---
002.385  002.383: event init
004.113  001.728: early init
004.246  000.133: locale set
005.658  001.413: init first window
014.014  008.355: inits 1
014.059  000.046: window checked
014.252  000.193: parsing arguments
017.879  000.287  000.287: require('vim._core.shared')
018.181  000.028  000.028: require('string.buffer')
018.298  000.204  000.176: require('vim.inspect')
018.532  000.200  000.200: require('vim._core.options')
018.547  000.644  000.241: require('vim._core.editor')
019.049  000.496  000.496: require('vim._core.system')
019.064  001.553  000.125: require('vim._init_packages')
019.073  003.267: init lua interpreter
023.833  004.760: nvim_ui_attach
025.213  001.381: nvim_set_client_info
025.226  000.012: --- NVIM STARTED ---

--- Startup times for process: Embedded ---

times in msec
 clock   self+sourced   self:  sourced script
 clock   elapsed:              other lines

000.001  000.001: --- NVIM STARTING ---
000.346  000.345: event init
000.561  000.215: early init
000.716  000.155: locale set
000.825  000.109: init first window
001.931  001.106: inits 1
001.982  000.052: window checked
001.993  000.011: parsing arguments
004.278  000.181  000.181: require('vim._core.shared')
004.580  000.020  000.020: require('string.buffer')
004.783  000.282  000.262: require('vim.inspect')
004.976  000.160  000.160: require('vim._core.options')
004.993  000.695  000.253: require('vim._core.editor')
005.130  000.133  000.133: require('vim._core.system')
005.136  001.133  000.124: require('vim._init_packages')
005.145  002.019: init lua interpreter
005.324  000.179: expanding arguments
006.122  000.798: inits 2
007.123  001.001: init highlight
007.128  000.005: waiting for UI
008.344  001.216: done waiting for UI
008.407  000.064: clear screen
009.275  000.061  000.061: require('vim.keymap')
013.014  000.895  000.895: sourcing nvim_exec2()
013.688  000.113  000.113: require('vim._core.log')
019.515  011.085  010.015: require('vim._core.defaults')
019.534  000.041: init default mappings & autocommands
027.225  000.420  000.420: sourcing /usr/share/nvim/runtime/ftplugin.vim
027.838  000.417  000.417: sourcing /usr/share/nvim/runtime/indent.vim
029.037  000.647  000.647: sourcing /usr/share/nvim/archlinux.lua
029.063  001.077  000.430: sourcing /etc/xdg/nvim/sysinit.vim
044.915  003.538  003.538: require('vim.lsp.protocol')
045.309  000.228  000.228: require('vim.fs')
045.520  005.286  001.520: require('vim.lsp.log')
055.448  009.909  009.909: require('vim.lsp.util')
058.414  001.188  001.188: require('vim.lsp.sync')
058.457  002.975  001.787: require('vim.lsp._changetracking')
061.315  000.929  000.929: require('vim.lsp._transport')
061.374  000.037  000.037: require('vim._core.stringbuffer')
061.611  003.141  002.175: require('vim.lsp.rpc')
061.783  030.037  008.727: require('vim.lsp')
070.071  000.047  000.047: require('vim.F')
070.344  008.500  008.453: require('vim.diagnostic')
075.686  000.775  000.775: require('vim.uri')
075.769  000.980  000.205: require('vim.loader')
076.276  047.111  007.595: sourcing /home/ocean/.config/nvim/init.lua
076.332  007.772: sourcing vimrc file(s)
080.578  000.254  000.254: sourcing /usr/share/vim/vimfiles/ftdetect/PKGBUILD.vim
080.930  000.253  000.253: sourcing /usr/share/vim/vimfiles/ftdetect/SRCINFO.vim
081.268  000.279  000.279: sourcing /usr/share/vim/vimfiles/ftdetect/espeakfiletype.vim
081.288  002.292  001.506: sourcing nvim_exec2() called at /usr/share/nvim/runtime/filetype.lua:0
081.302  004.791  002.499: sourcing /usr/share/nvim/runtime/filetype.lua
083.255  000.508  000.508: sourcing /usr/share/nvim/runtime/syntax/synload.vim
083.556  001.490  000.982: sourcing /usr/share/nvim/runtime/syntax/syntax.vim
086.658  000.821  000.821: sourcing /home/ocean/.config/nvim/plugin/auto-save.lua
087.511  000.754  000.754: sourcing /home/ocean/.config/nvim/plugin/autopairs.lua
088.410  000.771  000.771: sourcing /home/ocean/.config/nvim/plugin/barbar.lua
089.454  000.950  000.950: sourcing /home/ocean/.config/nvim/plugin/blink-cmp.lua
093.977  001.210  001.210: require('vim._async')
094.049  003.832  002.622: require('vim.pack')
096.536  001.041  001.041: require('vim.version')
100.256  010.708  005.835: sourcing /home/ocean/.config/nvim/plugin/flash.lua
101.761  001.407  001.407: sourcing /home/ocean/.config/nvim/plugin/fzf.lua
102.922  001.064  001.064: sourcing /home/ocean/.config/nvim/plugin/kitty-navigator.lua
104.176  001.060  001.060: sourcing /home/ocean/.config/nvim/plugin/lazygit.lua
105.015  000.705  000.705: sourcing /home/ocean/.config/nvim/plugin/leetcode.lua
126.539  016.187  016.187: require('lsp_signature.helper')
127.865  001.227  001.227: require('vim.iter')
127.928  020.810  003.396: require('lsp_signature')
129.420  001.397  001.397: require('vim.lsp.client')
129.447  024.346  002.139: sourcing /home/ocean/.config/nvim/plugin/lsp_signture.lua
135.011  000.396  000.396: sourcing /home/ocean/.local/share/nvim/site/pack/core/opt/nvim-web-devicons/plugin/nvim-web-devicons.vim
139.745  000.739  000.739: require('lualine_require')
141.641  006.093  005.354: require('lualine')
143.027  000.077  000.077: sourcing nvim_exec2() called at /home/ocean/.dotfiles/config/nvim/plugin/lualine.lua:0
146.152  001.133  001.133: require('lualine.highlight')
150.116  000.047  000.047: sourcing nvim_exec2() called at /home/ocean/.dotfiles/config/nvim/plugin/lualine.lua:0
150.204  000.018  000.018: sourcing nvim_exec2() called at /home/ocean/.dotfiles/config/nvim/plugin/lualine.lua:0
150.252  000.012  000.012: sourcing nvim_exec2() called at /home/ocean/.dotfiles/config/nvim/plugin/lualine.lua:0
150.299  000.010  000.010: sourcing nvim_exec2() called at /home/ocean/.dotfiles/config/nvim/plugin/lualine.lua:0
150.340  000.009  000.009: sourcing nvim_exec2() called at /home/ocean/.dotfiles/config/nvim/plugin/lualine.lua:0
150.375  000.010  000.010: sourcing nvim_exec2() called at /home/ocean/.dotfiles/config/nvim/plugin/lualine.lua:0
150.413  000.011  000.011: sourcing nvim_exec2() called at /home/ocean/.dotfiles/config/nvim/plugin/lualine.lua:0
150.451  000.009  000.009: sourcing nvim_exec2() called at /home/ocean/.dotfiles/config/nvim/plugin/lualine.lua:0
150.490  000.011  000.011: sourcing nvim_exec2() called at /home/ocean/.dotfiles/config/nvim/plugin/lualine.lua:0
150.522  000.009  000.009: sourcing nvim_exec2() called at /home/ocean/.dotfiles/config/nvim/plugin/lualine.lua:0
150.555  000.008  000.008: sourcing nvim_exec2() called at /home/ocean/.dotfiles/config/nvim/plugin/lualine.lua:0
150.610  000.028  000.028: sourcing nvim_exec2() called at /home/ocean/.dotfiles/config/nvim/plugin/lualine.lua:0
150.645  000.009  000.009: sourcing nvim_exec2() called at /home/ocean/.dotfiles/config/nvim/plugin/lualine.lua:0
150.684  000.010  000.010: sourcing nvim_exec2() called at /home/ocean/.dotfiles/config/nvim/plugin/lualine.lua:0
150.719  000.011  000.011: sourcing nvim_exec2() called at /home/ocean/.dotfiles/config/nvim/plugin/lualine.lua:0
150.752  000.009  000.009: sourcing nvim_exec2() called at /home/ocean/.dotfiles/config/nvim/plugin/lualine.lua:0
150.789  000.008  000.008: sourcing nvim_exec2() called at /home/ocean/.dotfiles/config/nvim/plugin/lualine.lua:0
150.825  000.009  000.009: sourcing nvim_exec2() called at /home/ocean/.dotfiles/config/nvim/plugin/lualine.lua:0
150.867  000.008  000.008: sourcing nvim_exec2() called at /home/ocean/.dotfiles/config/nvim/plugin/lualine.lua:0
150.990  000.013  000.013: sourcing nvim_exec2() called at /home/ocean/.dotfiles/config/nvim/plugin/lualine.lua:0
151.040  000.010  000.010: sourcing nvim_exec2() called at /home/ocean/.dotfiles/config/nvim/plugin/lualine.lua:0
151.691  000.019  000.019: sourcing nvim_exec2() called at /home/ocean/.dotfiles/config/nvim/plugin/lualine.lua:0
151.808  000.055  000.055: sourcing nvim_exec2() called at /home/ocean/.dotfiles/config/nvim/plugin/lualine.lua:0
156.161  000.028  000.028: sourcing nvim_exec2() called at /home/ocean/.dotfiles/config/nvim/plugin/lualine.lua:0
156.209  000.021  000.021: sourcing nvim_exec2() called at /home/ocean/.dotfiles/config/nvim/plugin/lualine.lua:0
157.688  000.030  000.030: sourcing nvim_exec2() called at /home/ocean/.dotfiles/config/nvim/plugin/lualine.lua:0
157.748  000.012  000.012: sourcing nvim_exec2() called at /home/ocean/.dotfiles/config/nvim/plugin/lualine.lua:0
157.826  000.012  000.012: sourcing nvim_exec2() called at /home/ocean/.dotfiles/config/nvim/plugin/lualine.lua:0
157.865  000.009  000.009: sourcing nvim_exec2() called at /home/ocean/.dotfiles/config/nvim/plugin/lualine.lua:0
157.959  000.010  000.010: sourcing nvim_exec2() called at /home/ocean/.dotfiles/config/nvim/plugin/lualine.lua:0
158.003  000.009  000.009: sourcing nvim_exec2() called at /home/ocean/.dotfiles/config/nvim/plugin/lualine.lua:0
158.038  000.009  000.009: sourcing nvim_exec2() called at /home/ocean/.dotfiles/config/nvim/plugin/lualine.lua:0
158.091  000.010  000.010: sourcing nvim_exec2() called at /home/ocean/.dotfiles/config/nvim/plugin/lualine.lua:0
158.194  000.013  000.013: sourcing nvim_exec2() called at /home/ocean/.dotfiles/config/nvim/plugin/lualine.lua:0
158.235  000.009  000.009: sourcing nvim_exec2() called at /home/ocean/.dotfiles/config/nvim/plugin/lualine.lua:0
158.369  000.011  000.011: sourcing nvim_exec2() called at /home/ocean/.dotfiles/config/nvim/plugin/lualine.lua:0
158.497  000.012  000.012: sourcing nvim_exec2() called at /home/ocean/.dotfiles/config/nvim/plugin/lualine.lua:0
158.612  000.031  000.031: sourcing nvim_exec2() called at /home/ocean/.dotfiles/config/nvim/plugin/lualine.lua:0
158.708  000.011  000.011: sourcing nvim_exec2() called at /home/ocean/.dotfiles/config/nvim/plugin/lualine.lua:0
159.008  000.021  000.021: sourcing nvim_exec2() called at /home/ocean/.dotfiles/config/nvim/plugin/lualine.lua:0
159.059  000.010  000.010: sourcing nvim_exec2() called at /home/ocean/.dotfiles/config/nvim/plugin/lualine.lua:0
159.094  000.008  000.008: sourcing nvim_exec2() called at /home/ocean/.dotfiles/config/nvim/plugin/lualine.lua:0
159.131  000.008  000.008: sourcing nvim_exec2() called at /home/ocean/.dotfiles/config/nvim/plugin/lualine.lua:0
159.168  000.008  000.008: sourcing nvim_exec2() called at /home/ocean/.dotfiles/config/nvim/plugin/lualine.lua:0
159.204  000.008  000.008: sourcing nvim_exec2() called at /home/ocean/.dotfiles/config/nvim/plugin/lualine.lua:0
159.242  000.009  000.009: sourcing nvim_exec2() called at /home/ocean/.dotfiles/config/nvim/plugin/lualine.lua:0
160.099  000.038  000.038: sourcing nvim_exec2() called at /home/ocean/.dotfiles/config/nvim/plugin/lualine.lua:0
160.138  000.010  000.010: sourcing nvim_exec2() called at /home/ocean/.dotfiles/config/nvim/plugin/lualine.lua:0
160.162  000.012  000.012: sourcing nvim_exec2() called at /home/ocean/.dotfiles/config/nvim/plugin/lualine.lua:0
160.189  000.015  000.015: sourcing nvim_exec2() called at /home/ocean/.dotfiles/config/nvim/plugin/lualine.lua:0
163.097  000.026  000.026: sourcing nvim_exec2() called at /home/ocean/.dotfiles/config/nvim/plugin/lualine.lua:0
163.188  000.013  000.013: sourcing nvim_exec2() called at /home/ocean/.dotfiles/config/nvim/plugin/lualine.lua:0
163.252  000.011  000.011: sourcing nvim_exec2() called at /home/ocean/.dotfiles/config/nvim/plugin/lualine.lua:0
163.324  000.010  000.010: sourcing nvim_exec2() called at /home/ocean/.dotfiles/config/nvim/plugin/lualine.lua:0
163.375  000.009  000.009: sourcing nvim_exec2() called at /home/ocean/.dotfiles/config/nvim/plugin/lualine.lua:0
163.422  000.009  000.009: sourcing nvim_exec2() called at /home/ocean/.dotfiles/config/nvim/plugin/lualine.lua:0
163.460  000.009  000.009: sourcing nvim_exec2() called at /home/ocean/.dotfiles/config/nvim/plugin/lualine.lua:0
163.635  000.016  000.016: sourcing nvim_exec2() called at /home/ocean/.dotfiles/config/nvim/plugin/lualine.lua:0
163.688  000.010  000.010: sourcing nvim_exec2() called at /home/ocean/.dotfiles/config/nvim/plugin/lualine.lua:0
163.756  000.040  000.040: sourcing nvim_exec2() called at /home/ocean/.dotfiles/config/nvim/plugin/lualine.lua:0
163.820  000.010  000.010: sourcing nvim_exec2() called at /home/ocean/.dotfiles/config/nvim/plugin/lualine.lua:0
163.874  000.009  000.009: sourcing nvim_exec2() called at /home/ocean/.dotfiles/config/nvim/plugin/lualine.lua:0
164.089  000.017  000.017: sourcing nvim_exec2() called at /home/ocean/.dotfiles/config/nvim/plugin/lualine.lua:0
164.505  000.019  000.019: sourcing nvim_exec2() called at /home/ocean/.dotfiles/config/nvim/plugin/lualine.lua:0
164.733  000.016  000.016: sourcing nvim_exec2() called at /home/ocean/.dotfiles/config/nvim/plugin/lualine.lua:0
164.802  000.011  000.011: sourcing nvim_exec2() called at /home/ocean/.dotfiles/config/nvim/plugin/lualine.lua:0
164.872  000.009  000.009: sourcing nvim_exec2() called at /home/ocean/.dotfiles/config/nvim/plugin/lualine.lua:0
164.943  000.009  000.009: sourcing nvim_exec2() called at /home/ocean/.dotfiles/config/nvim/plugin/lualine.lua:0
165.057  000.009  000.009: sourcing nvim_exec2() called at /home/ocean/.dotfiles/config/nvim/plugin/lualine.lua:0
165.191  000.009  000.009: sourcing nvim_exec2() called at /home/ocean/.dotfiles/config/nvim/plugin/lualine.lua:0
165.273  000.012  000.012: sourcing nvim_exec2() called at /home/ocean/.dotfiles/config/nvim/plugin/lualine.lua:0
165.422  000.013  000.013: sourcing nvim_exec2() called at /home/ocean/.dotfiles/config/nvim/plugin/lualine.lua:0
165.611  000.030  000.030: sourcing nvim_exec2() called at /home/ocean/.dotfiles/config/nvim/plugin/lualine.lua:0
165.689  000.010  000.010: sourcing nvim_exec2() called at /home/ocean/.dotfiles/config/nvim/plugin/lualine.lua:0
165.798  000.010  000.010: sourcing nvim_exec2() called at /home/ocean/.dotfiles/config/nvim/plugin/lualine.lua:0
165.867  000.009  000.009: sourcing nvim_exec2() called at /home/ocean/.dotfiles/config/nvim/plugin/lualine.lua:0
165.933  000.009  000.009: sourcing nvim_exec2() called at /home/ocean/.dotfiles/config/nvim/plugin/lualine.lua:0
165.991  000.009  000.009: sourcing nvim_exec2() called at /home/ocean/.dotfiles/config/nvim/plugin/lualine.lua:0
171.806  000.715  000.715: require('lualine.utils.mode')
172.068  000.049  000.049: sourcing nvim_exec2() called at /home/ocean/.dotfiles/config/nvim/plugin/lualine.lua:0
172.215  000.027  000.027: sourcing nvim_exec2() called at /home/ocean/.dotfiles/config/nvim/plugin/lualine.lua:0
172.294  000.061  000.061: sourcing nvim_exec2() called at /home/ocean/.dotfiles/config/nvim/plugin/lualine.lua:0
172.335  000.024  000.024: sourcing nvim_exec2() called at /home/ocean/.dotfiles/config/nvim/plugin/lualine.lua:0
172.364  000.016  000.016: sourcing nvim_exec2() called at /home/ocean/.dotfiles/config/nvim/plugin/lualine.lua:0
172.396  042.839  033.148: sourcing /home/ocean/.config/nvim/plugin/lualine.lua
172.979  000.483  000.483: sourcing /home/ocean/.config/nvim/plugin/mason.lua
177.717  002.653  002.653: require('mini.files')
178.151  000.171  000.171: sourcing nvim_exec2() called at /home/ocean/.dotfiles/config/nvim/plugin/mini-files.lua:0
178.207  000.034  000.034: sourcing nvim_exec2() called at /home/ocean/.dotfiles/config/nvim/plugin/mini-files.lua:0
178.569  005.514  002.655: sourcing /home/ocean/.config/nvim/plugin/mini-files.lua
179.108  000.382  000.382: sourcing /home/ocean/.config/nvim/plugin/nvim-parinfer.lua
186.696  001.962  001.962: require('nvim-surround')
187.073  003.793  001.830: sourcing /home/ocean/.local/share/nvim/site/pack/core/opt/nvim-surround/plugin/nvim-surround.lua
187.508  008.313  004.520: sourcing /home/ocean/.config/nvim/plugin/nvim-surround.lua
190.748  003.122  003.122: sourcing /home/ocean/.config/nvim/plugin/nvim-treesitter-textobjects.lua
198.384  000.839  000.839: require('vim.treesitter.language')
198.830  000.420  000.420: require('vim.func')
199.511  000.668  000.668: require('vim.treesitter._range')
200.107  000.574  000.574: require('vim.func._memoize')
200.240  003.572  001.071: require('vim.treesitter.query')
200.365  005.075  001.503: require('vim.treesitter.languagetree')
200.392  006.010  000.935: require('vim.treesitter')
200.993  007.248  001.239: sourcing /home/ocean/.local/share/nvim/site/pack/core/opt/nvim-treesitter/plugin/filetypes.lua
201.649  000.538  000.538: sourcing /home/ocean/.local/share/nvim/site/pack/core/opt/nvim-treesitter/plugin/nvim-treesitter.lua
202.496  000.742  000.742: sourcing /home/ocean/.local/share/nvim/site/pack/core/opt/nvim-treesitter/plugin/query_predicates.lua
205.209  002.267  002.267: require('nvim-treesitter')
206.780  000.558  000.558: require('nvim-treesitter.async')
207.401  000.602  000.602: require('nvim-treesitter.config')
208.031  000.613  000.613: require('nvim-treesitter.log')
211.075  003.028  003.028: require('nvim-treesitter.parsers')
211.494  000.401  000.401: require('nvim-treesitter.util')
211.568  006.328  001.125: require('nvim-treesitter.install')
213.801  002.218  002.218: require('nvim-treesitter.parsers')
215.026  024.184  004.843: sourcing /home/ocean/.config/nvim/plugin/nvim-treesitter.lua
218.344  000.882  000.882: sourcing /home/ocean/.local/share/nvim/site/pack/core/opt/rainbow-delimiters.nvim/plugin/rainbow-delimiters.lua
218.966  003.832  002.949: sourcing /home/ocean/.config/nvim/plugin/rainbow-delimiters.lua
219.581  000.527  000.527: sourcing /home/ocean/.config/nvim/plugin/smear-cursor.lua
220.340  000.618  000.618: sourcing /home/ocean/.config/nvim/plugin/uv.lua
225.202  000.908  000.908: require('vague.config.internal')
225.220  002.894  001.986: require('vague')
226.977  000.657  000.657: sourcing nvim_exec2() called at /home/ocean/.local/share/nvim/site/pack/core/opt/vague.nvim/colors/vague.lua:0
227.574  000.557  000.557: sourcing nvim_exec2() called at /home/ocean/.local/share/nvim/site/pack/core/opt/vague.nvim/colors/vague.lua:0
230.123  000.665  000.665: require('vague.groups.blink')
230.543  000.399  000.399: require('vague.groups.cmp')
231.272  000.712  000.712: require('vague.groups.common')
232.097  000.696  000.696: require('vague.groups.dashboard')
233.020  000.905  000.905: require('vague.groups.diff')
233.788  000.718  000.718: require('vague.groups.fzf-lua')
234.661  000.813  000.813: require('vague.groups.html')
235.566  000.889  000.889: require('vague.groups.lsp-native')
237.490  001.736  001.736: require('vague.groups.lsp-plugin')
238.549  000.543  000.543: require('vague.groups.mini')
239.263  000.646  000.646: require('vague.groups.modes')
239.881  000.596  000.596: require('vague.groups.neotest')
240.207  000.302  000.302: require('vague.groups.neotree')
240.600  000.369  000.369: require('vague.groups.rainbow-delimiters')
241.108  000.492  000.492: require('vague.groups.snacks-input')
241.357  000.236  000.236: require('vague.groups.snacks-picker')
241.857  000.480  000.480: require('vague.groups.syntax')
242.203  000.312  000.312: require('vague.groups.telescope')
242.545  000.326  000.326: require('vague.groups.treesitter')
242.992  000.372  000.372: require('vague.groups.vim-better-whitespace')
243.011  014.652  002.445: require('vague.groups')
243.024  015.410  000.758: require('vague.highlights')
245.283  000.592  000.592: require('vague.terminal')
245.340  019.556  002.342: sourcing /home/ocean/.local/share/nvim/site/pack/core/opt/vague.nvim/colors/vague.lua
246.937  000.056  000.056: sourcing nvim_exec2() called at ColorScheme Autocommands for "*":0
250.322  001.389  001.389: require('vague.groups.lualine')
250.391  000.026  000.026: sourcing nvim_exec2() called at ColorScheme Autocommands for "*":0
250.416  000.008  000.008: sourcing nvim_exec2() called at ColorScheme Autocommands for "*":0
250.430  000.004  000.004: sourcing nvim_exec2() called at ColorScheme Autocommands for "*":0
250.442  000.005  000.005: sourcing nvim_exec2() called at ColorScheme Autocommands for "*":0
250.455  000.005  000.005: sourcing nvim_exec2() called at ColorScheme Autocommands for "*":0
250.466  000.004  000.004: sourcing nvim_exec2() called at ColorScheme Autocommands for "*":0
250.478  000.004  000.004: sourcing nvim_exec2() called at ColorScheme Autocommands for "*":0
250.623  000.011  000.011: sourcing nvim_exec2() called at ColorScheme Autocommands for "*":0
250.640  000.005  000.005: sourcing nvim_exec2() called at ColorScheme Autocommands for "*":0
250.651  000.005  000.005: sourcing nvim_exec2() called at ColorScheme Autocommands for "*":0
250.664  000.006  000.006: sourcing nvim_exec2() called at ColorScheme Autocommands for "*":0
250.676  000.005  000.005: sourcing nvim_exec2() called at ColorScheme Autocommands for "*":0
250.686  000.004  000.004: sourcing nvim_exec2() called at ColorScheme Autocommands for "*":0
250.698  000.005  000.005: sourcing nvim_exec2() called at ColorScheme Autocommands for "*":0
250.709  000.005  000.005: sourcing nvim_exec2() called at ColorScheme Autocommands for "*":0
250.721  000.005  000.005: sourcing nvim_exec2() called at ColorScheme Autocommands for "*":0
250.733  000.005  000.005: sourcing nvim_exec2() called at ColorScheme Autocommands for "*":0
250.744  000.005  000.005: sourcing nvim_exec2() called at ColorScheme Autocommands for "*":0
250.755  000.004  000.004: sourcing nvim_exec2() called at ColorScheme Autocommands for "*":0
250.765  000.004  000.004: sourcing nvim_exec2() called at ColorScheme Autocommands for "*":0
250.776  000.004  000.004: sourcing nvim_exec2() called at ColorScheme Autocommands for "*":0
250.787  000.005  000.005: sourcing nvim_exec2() called at ColorScheme Autocommands for "*":0
250.798  000.004  000.004: sourcing nvim_exec2() called at ColorScheme Autocommands for "*":0
250.808  000.004  000.004: sourcing nvim_exec2() called at ColorScheme Autocommands for "*":0
250.819  000.004  000.004: sourcing nvim_exec2() called at ColorScheme Autocommands for "*":0
250.831  000.005  000.005: sourcing nvim_exec2() called at ColorScheme Autocommands for "*":0
250.841  000.004  000.004: sourcing nvim_exec2() called at ColorScheme Autocommands for "*":0
250.852  000.005  000.005: sourcing nvim_exec2() called at ColorScheme Autocommands for "*":0
250.863  000.004  000.004: sourcing nvim_exec2() called at ColorScheme Autocommands for "*":0
250.873  000.004  000.004: sourcing nvim_exec2() called at ColorScheme Autocommands for "*":0
250.884  000.005  000.005: sourcing nvim_exec2() called at ColorScheme Autocommands for "*":0
250.896  000.004  000.004: sourcing nvim_exec2() called at ColorScheme Autocommands for "*":0
250.906  000.004  000.004: sourcing nvim_exec2() called at ColorScheme Autocommands for "*":0
250.917  000.004  000.004: sourcing nvim_exec2() called at ColorScheme Autocommands for "*":0
250.929  000.005  000.005: sourcing nvim_exec2() called at ColorScheme Autocommands for "*":0
250.939  000.004  000.004: sourcing nvim_exec2() called at ColorScheme Autocommands for "*":0
250.950  000.004  000.004: sourcing nvim_exec2() called at ColorScheme Autocommands for "*":0
250.961  000.004  000.004: sourcing nvim_exec2() called at ColorScheme Autocommands for "*":0
250.972  000.004  000.004: sourcing nvim_exec2() called at ColorScheme Autocommands for "*":0
250.983  000.004  000.004: sourcing nvim_exec2() called at ColorScheme Autocommands for "*":0
250.993  000.004  000.004: sourcing nvim_exec2() called at ColorScheme Autocommands for "*":0
251.004  000.004  000.004: sourcing nvim_exec2() called at ColorScheme Autocommands for "*":0
251.015  000.005  000.005: sourcing nvim_exec2() called at ColorScheme Autocommands for "*":0
251.026  000.005  000.005: sourcing nvim_exec2() called at ColorScheme Autocommands for "*":0
251.038  000.004  000.004: sourcing nvim_exec2() called at ColorScheme Autocommands for "*":0
251.049  000.005  000.005: sourcing nvim_exec2() called at ColorScheme Autocommands for "*":0
251.060  000.004  000.004: sourcing nvim_exec2() called at ColorScheme Autocommands for "*":0
251.071  000.005  000.005: sourcing nvim_exec2() called at ColorScheme Autocommands for "*":0
251.082  000.004  000.004: sourcing nvim_exec2() called at ColorScheme Autocommands for "*":0
251.093  000.004  000.004: sourcing nvim_exec2() called at ColorScheme Autocommands for "*":0
251.103  000.004  000.004: sourcing nvim_exec2() called at ColorScheme Autocommands for "*":0
251.114  000.004  000.004: sourcing nvim_exec2() called at ColorScheme Autocommands for "*":0
251.124  000.004  000.004: sourcing nvim_exec2() called at ColorScheme Autocommands for "*":0
251.135  000.004  000.004: sourcing nvim_exec2() called at ColorScheme Autocommands for "*":0
251.146  000.004  000.004: sourcing nvim_exec2() called at ColorScheme Autocommands for "*":0
251.156  000.004  000.004: sourcing nvim_exec2() called at ColorScheme Autocommands for "*":0
251.166  000.004  000.004: sourcing nvim_exec2() called at ColorScheme Autocommands for "*":0
251.177  000.004  000.004: sourcing nvim_exec2() called at ColorScheme Autocommands for "*":0
251.188  000.004  000.004: sourcing nvim_exec2() called at ColorScheme Autocommands for "*":0
251.198  000.004  000.004: sourcing nvim_exec2() called at ColorScheme Autocommands for "*":0
251.209  000.004  000.004: sourcing nvim_exec2() called at ColorScheme Autocommands for "*":0
251.219  000.004  000.004: sourcing nvim_exec2() called at ColorScheme Autocommands for "*":0
251.285  000.006  000.006: sourcing nvim_exec2() called at ColorScheme Autocommands for "*":0
251.298  000.005  000.005: sourcing nvim_exec2() called at ColorScheme Autocommands for "*":0
251.310  000.004  000.004: sourcing nvim_exec2() called at ColorScheme Autocommands for "*":0
251.320  000.004  000.004: sourcing nvim_exec2() called at ColorScheme Autocommands for "*":0
251.332  000.004  000.004: sourcing nvim_exec2() called at ColorScheme Autocommands for "*":0
251.343  000.004  000.004: sourcing nvim_exec2() called at ColorScheme Autocommands for "*":0
251.354  000.005  000.005: sourcing nvim_exec2() called at ColorScheme Autocommands for "*":0
251.365  000.005  000.005: sourcing nvim_exec2() called at ColorScheme Autocommands for "*":0
251.377  000.004  000.004: sourcing nvim_exec2() called at ColorScheme Autocommands for "*":0
251.454  000.022  000.022: sourcing nvim_exec2() called at ColorScheme Autocommands for "*":0
251.509  000.012  000.012: sourcing nvim_exec2() called at ColorScheme Autocommands for "*":0
251.540  000.009  000.009: sourcing nvim_exec2() called at ColorScheme Autocommands for "*":0
251.569  000.007  000.007: sourcing nvim_exec2() called at ColorScheme Autocommands for "*":0
251.612  000.010  000.010: sourcing nvim_exec2() called at ColorScheme Autocommands for "*":0
251.643  000.008  000.008: sourcing nvim_exec2() called at ColorScheme Autocommands for "*":0
251.667  000.007  000.007: sourcing nvim_exec2() called at ColorScheme Autocommands for "*":0
251.691  000.007  000.007: sourcing nvim_exec2() called at ColorScheme Autocommands for "*":0
251.743  000.011  000.011: sourcing nvim_exec2() called at ColorScheme Autocommands for "*":0
251.788  000.014  000.014: sourcing nvim_exec2() called at ColorScheme Autocommands for "*":0
251.832  000.014  000.014: sourcing nvim_exec2() called at ColorScheme Autocommands for "*":0
251.871  000.012  000.012: sourcing nvim_exec2() called at ColorScheme Autocommands for "*":0
251.909  000.011  000.011: sourcing nvim_exec2() called at ColorScheme Autocommands for "*":0
252.000  000.073  000.073: sourcing nvim_exec2() called at ColorScheme Autocommands for "*":0
252.176  000.020  000.020: sourcing nvim_exec2() called at ColorScheme Autocommands for "*":0
252.207  000.013  000.013: sourcing nvim_exec2() called at ColorScheme Autocommands for "*":0
252.478  000.020  000.020: sourcing nvim_exec2() called at ColorScheme Autocommands for "*":0
252.514  000.008  000.008: sourcing nvim_exec2() called at ColorScheme Autocommands for "*":0
252.543  000.008  000.008: sourcing nvim_exec2() called at ColorScheme Autocommands for "*":0
252.705  000.013  000.013: sourcing nvim_exec2() called at ColorScheme Autocommands for "*":0
252.744  000.007  000.007: sourcing nvim_exec2() called at ColorScheme Autocommands for "*":0
252.773  000.007  000.007: sourcing nvim_exec2() called at ColorScheme Autocommands for "*":0
252.802  000.010  000.010: sourcing nvim_exec2() called at ColorScheme Autocommands for "*":0
252.844  000.009  000.009: sourcing nvim_exec2() called at ColorScheme Autocommands for "*":0
252.870  000.007  000.007: sourcing nvim_exec2() called at ColorScheme Autocommands for "*":0
253.081  000.017  000.017: sourcing nvim_exec2() called at ColorScheme Autocommands for "*":0
253.126  000.011  000.011: sourcing nvim_exec2() called at ColorScheme Autocommands for "*":0
253.167  000.012  000.012: sourcing nvim_exec2() called at ColorScheme Autocommands for "*":0
253.271  000.012  000.012: sourcing nvim_exec2() called at ColorScheme Autocommands for "*":0
253.301  000.010  000.010: sourcing nvim_exec2() called at ColorScheme Autocommands for "*":0
253.345  000.010  000.010: sourcing nvim_exec2() called at ColorScheme Autocommands for "*":0
253.370  000.008  000.008: sourcing nvim_exec2() called at ColorScheme Autocommands for "*":0
253.397  000.008  000.008: sourcing nvim_exec2() called at ColorScheme Autocommands for "*":0
253.436  000.012  000.012: sourcing nvim_exec2() called at ColorScheme Autocommands for "*":0
253.488  000.012  000.012: sourcing nvim_exec2() called at ColorScheme Autocommands for "*":0
253.534  000.014  000.014: sourcing nvim_exec2() called at ColorScheme Autocommands for "*":0
253.565  000.010  000.010: sourcing nvim_exec2() called at ColorScheme Autocommands for "*":0
253.672  000.089  000.089: sourcing nvim_exec2() called at ColorScheme Autocommands for "*":0
253.707  000.009  000.009: sourcing nvim_exec2() called at ColorScheme Autocommands for "*":0
253.729  000.010  000.010: sourcing nvim_exec2() called at ColorScheme Autocommands for "*":0
253.758  000.018  000.018: sourcing nvim_exec2() called at ColorScheme Autocommands for "*":0
254.216  000.026  000.026: sourcing nvim_exec2() called at ColorScheme Autocommands for "*":0
254.251  000.008  000.008: sourcing nvim_exec2() called at ColorScheme Autocommands for "*":0
254.276  000.007  000.007: sourcing nvim_exec2() called at ColorScheme Autocommands for "*":0
254.299  000.007  000.007: sourcing nvim_exec2() called at ColorScheme Autocommands for "*":0
254.325  000.008  000.008: sourcing nvim_exec2() called at ColorScheme Autocommands for "*":0
254.348  000.007  000.007: sourcing nvim_exec2() called at ColorScheme Autocommands for "*":0
254.373  000.008  000.008: sourcing nvim_exec2() called at ColorScheme Autocommands for "*":0
254.409  000.008  000.008: sourcing nvim_exec2() called at ColorScheme Autocommands for "*":0
254.434  000.007  000.007: sourcing nvim_exec2() called at ColorScheme Autocommands for "*":0
254.459  000.007  000.007: sourcing nvim_exec2() called at ColorScheme Autocommands for "*":0
254.484  000.008  000.008: sourcing nvim_exec2() called at ColorScheme Autocommands for "*":0
254.512  000.007  000.007: sourcing nvim_exec2() called at ColorScheme Autocommands for "*":0
254.540  000.008  000.008: sourcing nvim_exec2() called at ColorScheme Autocommands for "*":0
254.569  000.009  000.009: sourcing nvim_exec2() called at ColorScheme Autocommands for "*":0
254.767  000.015  000.015: sourcing nvim_exec2() called at ColorScheme Autocommands for "*":0
254.797  000.009  000.009: sourcing nvim_exec2() called at ColorScheme Autocommands for "*":0
254.823  000.007  000.007: sourcing nvim_exec2() called at ColorScheme Autocommands for "*":0
254.846  000.006  000.006: sourcing nvim_exec2() called at ColorScheme Autocommands for "*":0
254.870  000.007  000.007: sourcing nvim_exec2() called at ColorScheme Autocommands for "*":0
255.027  000.010  000.010: sourcing nvim_exec2() called at ColorScheme Autocommands for "*":0
255.059  000.010  000.010: sourcing nvim_exec2() called at ColorScheme Autocommands for "*":0
255.103  000.009  000.009: sourcing nvim_exec2() called at ColorScheme Autocommands for "*":0
255.129  000.007  000.007: sourcing nvim_exec2() called at ColorScheme Autocommands for "*":0
255.154  000.007  000.007: sourcing nvim_exec2() called at ColorScheme Autocommands for "*":0
255.181  000.007  000.007: sourcing nvim_exec2() called at ColorScheme Autocommands for "*":0
255.308  000.011  000.011: sourcing nvim_exec2() called at ColorScheme Autocommands for "*":0
255.415  000.010  000.010: sourcing nvim_exec2() called at ColorScheme Autocommands for "*":0
255.443  000.009  000.009: sourcing nvim_exec2() called at ColorScheme Autocommands for "*":0
256.172  000.078  000.078: sourcing nvim_exec2() called at ColorScheme Autocommands for "*":0
256.276  000.037  000.037: sourcing nvim_exec2() called at ColorScheme Autocommands for "*":0
256.355  000.061  000.061: sourcing nvim_exec2() called at ColorScheme Autocommands for "*":0
256.397  000.024  000.024: sourcing nvim_exec2() called at ColorScheme Autocommands for "*":0
256.429  000.017  000.017: sourcing nvim_exec2() called at ColorScheme Autocommands for "*":0
256.628  036.206  010.902: sourcing /home/ocean/.config/nvim/plugin/vague.lua
259.387  000.853  000.853: sourcing /usr/share/nvim/runtime/plugin/gzip.vim
263.076  001.198  001.198: sourcing /usr/share/nvim/runtime/pack/dist/opt/matchit/plugin/matchit.vim
263.340  003.871  002.673: sourcing /usr/share/nvim/runtime/plugin/matchit.vim
264.201  000.775  000.775: sourcing /usr/share/nvim/runtime/plugin/matchparen.vim
267.373  001.038  001.038: sourcing /usr/share/nvim/runtime/pack/dist/opt/netrw/plugin/netrwPlugin.vim
267.582  003.248  002.210: sourcing /usr/share/nvim/runtime/plugin/netrwPlugin.vim
268.650  000.956  000.956: sourcing /usr/share/nvim/runtime/plugin/rplugin.vim
269.431  000.600  000.600: sourcing /usr/share/nvim/runtime/plugin/tarPlugin.vim
269.932  000.375  000.375: sourcing /usr/share/nvim/runtime/plugin/tutor.vim
270.698  000.652  000.652: sourcing /usr/share/nvim/runtime/plugin/zipPlugin.vim
271.352  000.485  000.485: sourcing /usr/share/nvim/runtime/plugin/editorconfig.lua
271.877  000.427  000.427: sourcing /usr/share/nvim/runtime/plugin/man.lua
272.389  000.425  000.425: sourcing /usr/share/nvim/runtime/plugin/net.lua
272.907  000.426  000.426: sourcing /usr/share/nvim/runtime/plugin/osc52.lua
273.669  000.651  000.651: sourcing /usr/share/nvim/runtime/plugin/shada.lua
274.407  000.606  000.606: sourcing /usr/share/nvim/runtime/plugin/spellfile.lua
277.459  002.351  002.351: sourcing /usr/share/vim/vimfiles/plugin/fzf.vim
277.484  009.564: loading rtp plugins
278.134  000.650: loading packages
278.144  000.010: loading after plugins
278.180  000.036: inits 3
286.060  007.880: reading ShaDa
286.408  000.348: opening buffers
286.892  000.484: BufEnter autocommands
286.904  000.013: editing files in windows
286.925  000.021: --- NVIM STARTED ---

--- Startup times for process: Primary (or UI client) ---

times in msec
 clock   self+sourced   self:  sourced script
 clock   elapsed:              other lines

000.001  000.001: --- NVIM STARTING ---
000.391  000.390: event init
000.610  000.218: early init
000.718  000.108: locale set
000.841  000.123: init first window
002.064  001.223: inits 1
002.096  000.033: window checked
002.107  000.011: parsing arguments
004.016  000.166  000.166: require('vim._core.shared')
004.294  000.017  000.017: require('string.buffer')
004.398  000.179  000.161: require('vim.inspect')
004.589  000.157  000.157: require('vim._core.options')
004.601  000.567  000.231: require('vim._core.editor')
004.707  000.101  000.101: require('vim._core.system')
004.712  000.957  000.123: require('vim._init_packages')
004.718  001.654: init lua interpreter
008.480  003.762: nvim_ui_attach
010.047  001.567: nvim_set_client_info
010.065  000.017: --- NVIM STARTED ---

--- Startup times for process: Embedded ---

times in msec
 clock   self+sourced   self:  sourced script
 clock   elapsed:              other lines

000.001  000.001: --- NVIM STARTING ---
000.364  000.362: event init
000.622  000.258: early init
000.744  000.123: locale set
000.855  000.111: init first window
002.098  001.243: inits 1
002.170  000.072: window checked
002.184  000.015: parsing arguments
004.071  000.164  000.164: require('vim._core.shared')
004.434  000.018  000.018: require('string.buffer')
004.540  000.186  000.168: require('vim.inspect')
004.734  000.163  000.163: require('vim._core.options')
004.746  000.656  000.307: require('vim._core.editor')
004.888  000.137  000.137: require('vim._core.system')
004.892  001.051  000.093: require('vim._init_packages')
004.903  001.668: init lua interpreter
005.055  000.152: expanding arguments
005.118  000.063: inits 2
006.263  001.145: init highlight
006.295  000.032: waiting for UI
006.692  000.397: done waiting for UI
006.727  000.035: clear screen
007.368  000.067  000.067: require('vim.keymap')
010.559  000.518  000.518: sourcing nvim_exec2()
010.689  000.058  000.058: require('vim._core.log')
015.440  008.702  008.058: require('vim._core.defaults')
015.458  000.029: init default mappings & autocommands
017.043  000.157  000.157: sourcing /usr/share/nvim/runtime/ftplugin.vim
017.282  000.092  000.092: sourcing /usr/share/nvim/runtime/indent.vim
018.078  000.660  000.660: sourcing /usr/share/nvim/archlinux.lua
018.097  000.736  000.076: sourcing /etc/xdg/nvim/sysinit.vim
029.362  003.706  003.706: require('vim.lsp.protocol')
029.617  000.173  000.173: require('vim.fs')
029.737  004.720  000.842: require('vim.lsp.log')
036.950  007.197  007.197: require('vim.lsp.util')
038.835  000.753  000.753: require('vim.lsp.sync')
038.868  001.891  001.138: require('vim.lsp._changetracking')
040.759  000.463  000.463: require('vim.lsp._transport')
040.808  000.038  000.038: require('vim._core.stringbuffer')
040.966  002.085  001.584: require('vim.lsp.rpc')
041.202  021.106  005.212: require('vim.lsp')
047.085  000.024  000.024: require('vim.F')
047.363  006.045  006.022: require('vim.diagnostic')
050.197  000.374  000.374: require('vim.uri')
050.278  000.561  000.187: require('vim.loader')
050.452  032.224  004.511: sourcing /home/ocean/.config/nvim/init.lua
050.477  001.810: sourcing vimrc file(s)
051.259  000.149  000.149: sourcing /usr/share/vim/vimfiles/ftdetect/PKGBUILD.vim
051.347  000.037  000.037: sourcing /usr/share/vim/vimfiles/ftdetect/SRCINFO.vim
051.482  000.095  000.095: sourcing /usr/share/vim/vimfiles/ftdetect/espeakfiletype.vim
051.498  000.676  000.395: sourcing nvim_exec2() called at /usr/share/nvim/runtime/filetype.lua:0
051.509  000.920  000.244: sourcing /usr/share/nvim/runtime/filetype.lua
051.982  000.224  000.224: sourcing /usr/share/nvim/runtime/syntax/synload.vim
052.270  000.658  000.434: sourcing /usr/share/nvim/runtime/syntax/syntax.vim
054.070  000.239  000.239: sourcing /home/ocean/.config/nvim/plugin/auto-save.lua
054.470  000.314  000.314: sourcing /home/ocean/.config/nvim/plugin/autopairs.lua
054.818  000.281  000.281: sourcing /home/ocean/.config/nvim/plugin/barbar.lua
055.200  000.308  000.308: sourcing /home/ocean/.config/nvim/plugin/blink-cmp.lua
057.997  000.934  000.934: require('vim._async')
058.072  002.585  001.651: require('vim.pack')
059.331  000.470  000.470: require('vim.version')
060.932  005.663  002.609: sourcing /home/ocean/.config/nvim/plugin/flash.lua
061.702  000.697  000.697: sourcing /home/ocean/.config/nvim/plugin/fzf.lua
062.093  000.314  000.314: sourcing /home/ocean/.config/nvim/plugin/kitty-navigator.lua
062.369  000.177  000.177: sourcing /home/ocean/.config/nvim/plugin/lazygit.lua
062.624  000.191  000.191: sourcing /home/ocean/.config/nvim/plugin/leetcode.lua
079.527  012.606  012.606: require('lsp_signature.helper')
080.471  000.862  000.862: require('vim.iter')
080.625  016.514  003.046: require('lsp_signature')
081.428  000.609  000.609: require('vim.lsp.client')
081.446  018.753  001.630: sourcing /home/ocean/.config/nvim/plugin/lsp_signture.lua
084.759  000.128  000.128: sourcing /home/ocean/.local/share/nvim/site/pack/core/opt/nvim-web-devicons/plugin/nvim-web-devicons.vim
086.472  000.267  000.267: require('lualine_require')
087.568  002.525  002.258: require('lualine')
089.085  000.063  000.063: sourcing nvim_exec2() called at /home/ocean/.dotfiles/config/nvim/plugin/lualine.lua:0
091.685  000.794  000.794: require('lualine.highlight')
095.192  000.066  000.066: sourcing nvim_exec2() called at /home/ocean/.dotfiles/config/nvim/plugin/lualine.lua:0
095.263  000.014  000.014: sourcing nvim_exec2() called at /home/ocean/.dotfiles/config/nvim/plugin/lualine.lua:0
095.315  000.012  000.012: sourcing nvim_exec2() called at /home/ocean/.dotfiles/config/nvim/plugin/lualine.lua:0
095.349  000.009  000.009: sourcing nvim_exec2() called at /home/ocean/.dotfiles/config/nvim/plugin/lualine.lua:0
095.383  000.009  000.009: sourcing nvim_exec2() called at /home/ocean/.dotfiles/config/nvim/plugin/lualine.lua:0
095.428  000.010  000.010: sourcing nvim_exec2() called at /home/ocean/.dotfiles/config/nvim/plugin/lualine.lua:0
095.458  000.011  000.011: sourcing nvim_exec2() called at /home/ocean/.dotfiles/config/nvim/plugin/lualine.lua:0
095.508  000.009  000.009: sourcing nvim_exec2() called at /home/ocean/.dotfiles/config/nvim/plugin/lualine.lua:0
095.539  000.009  000.009: sourcing nvim_exec2() called at /home/ocean/.dotfiles/config/nvim/plugin/lualine.lua:0
095.570  000.008  000.008: sourcing nvim_exec2() called at /home/ocean/.dotfiles/config/nvim/plugin/lualine.lua:0
095.604  000.007  000.007: sourcing nvim_exec2() called at /home/ocean/.dotfiles/config/nvim/plugin/lualine.lua:0
095.631  000.008  000.008: sourcing nvim_exec2() called at /home/ocean/.dotfiles/config/nvim/plugin/lualine.lua:0
095.664  000.007  000.007: sourcing nvim_exec2() called at /home/ocean/.dotfiles/config/nvim/plugin/lualine.lua:0
095.692  000.007  000.007: sourcing nvim_exec2() called at /home/ocean/.dotfiles/config/nvim/plugin/lualine.lua:0
095.722  000.008  000.008: sourcing nvim_exec2() called at /home/ocean/.dotfiles/config/nvim/plugin/lualine.lua:0
095.756  000.008  000.008: sourcing nvim_exec2() called at /home/ocean/.dotfiles/config/nvim/plugin/lualine.lua:0
095.782  000.006  000.006: sourcing nvim_exec2() called at /home/ocean/.dotfiles/config/nvim/plugin/lualine.lua:0
095.820  000.008  000.008: sourcing nvim_exec2() called at /home/ocean/.dotfiles/config/nvim/plugin/lualine.lua:0
095.849  000.007  000.007: sourcing nvim_exec2() called at /home/ocean/.dotfiles/config/nvim/plugin/lualine.lua:0
095.882  000.008  000.008: sourcing nvim_exec2() called at /home/ocean/.dotfiles/config/nvim/plugin/lualine.lua:0
095.912  000.009  000.009: sourcing nvim_exec2() called at /home/ocean/.dotfiles/config/nvim/plugin/lualine.lua:0
095.938  000.007  000.007: sourcing nvim_exec2() called at /home/ocean/.dotfiles/config/nvim/plugin/lualine.lua:0
095.994  000.038  000.038: sourcing nvim_exec2() called at /home/ocean/.dotfiles/config/nvim/plugin/lualine.lua:0
098.708  000.401  000.401: require('lualine.utils.mode')
100.267  000.052  000.052: sourcing nvim_exec2() called at /home/ocean/.dotfiles/config/nvim/plugin/lualine.lua:0
100.391  000.024  000.024: sourcing nvim_exec2() called at /home/ocean/.dotfiles/config/nvim/plugin/lualine.lua:0
101.885  000.036  000.036: sourcing nvim_exec2() called at /home/ocean/.dotfiles/config/nvim/plugin/lualine.lua:0
102.035  000.011  000.011: sourcing nvim_exec2() called at /home/ocean/.dotfiles/config/nvim/plugin/lualine.lua:0
102.109  000.008  000.008: sourcing nvim_exec2() called at /home/ocean/.dotfiles/config/nvim/plugin/lualine.lua:0
102.159  000.022  000.022: sourcing nvim_exec2() called at /home/ocean/.dotfiles/config/nvim/plugin/lualine.lua:0
102.204  000.007  000.007: sourcing nvim_exec2() called at /home/ocean/.dotfiles/config/nvim/plugin/lualine.lua:0
102.249  000.007  000.007: sourcing nvim_exec2() called at /home/ocean/.dotfiles/config/nvim/plugin/lualine.lua:0
102.359  000.027  000.027: sourcing nvim_exec2() called at /home/ocean/.dotfiles/config/nvim/plugin/lualine.lua:0
102.529  000.012  000.012: sourcing nvim_exec2() called at /home/ocean/.dotfiles/config/nvim/plugin/lualine.lua:0
102.736  000.014  000.014: sourcing nvim_exec2() called at /home/ocean/.dotfiles/config/nvim/plugin/lualine.lua:0
102.823  000.010  000.010: sourcing nvim_exec2() called at /home/ocean/.dotfiles/config/nvim/plugin/lualine.lua:0
102.882  000.009  000.009: sourcing nvim_exec2() called at /home/ocean/.dotfiles/config/nvim/plugin/lualine.lua:0
102.948  000.010  000.010: sourcing nvim_exec2() called at /home/ocean/.dotfiles/config/nvim/plugin/lualine.lua:0
102.993  000.009  000.009: sourcing nvim_exec2() called at /home/ocean/.dotfiles/config/nvim/plugin/lualine.lua:0
103.091  000.010  000.010: sourcing nvim_exec2() called at /home/ocean/.dotfiles/config/nvim/plugin/lualine.lua:0
103.298  000.034  000.034: sourcing nvim_exec2() called at /home/ocean/.dotfiles/config/nvim/plugin/lualine.lua:0
103.564  000.016  000.016: sourcing nvim_exec2() called at /home/ocean/.dotfiles/config/nvim/plugin/lualine.lua:0
103.649  000.009  000.009: sourcing nvim_exec2() called at /home/ocean/.dotfiles/config/nvim/plugin/lualine.lua:0
103.731  000.009  000.009: sourcing nvim_exec2() called at /home/ocean/.dotfiles/config/nvim/plugin/lualine.lua:0
103.886  000.009  000.009: sourcing nvim_exec2() called at /home/ocean/.dotfiles/config/nvim/plugin/lualine.lua:0
103.997  000.009  000.009: sourcing nvim_exec2() called at /home/ocean/.dotfiles/config/nvim/plugin/lualine.lua:0
104.065  000.008  000.008: sourcing nvim_exec2() called at /home/ocean/.dotfiles/config/nvim/plugin/lualine.lua:0
105.046  000.041  000.041: sourcing nvim_exec2() called at /home/ocean/.dotfiles/config/nvim/plugin/lualine.lua:0
105.093  000.010  000.010: sourcing nvim_exec2() called at /home/ocean/.dotfiles/config/nvim/plugin/lualine.lua:0
105.114  000.010  000.010: sourcing nvim_exec2() called at /home/ocean/.dotfiles/config/nvim/plugin/lualine.lua:0
105.175  000.050  000.050: sourcing nvim_exec2() called at /home/ocean/.dotfiles/config/nvim/plugin/lualine.lua:0
106.833  000.037  000.037: sourcing nvim_exec2() called at /home/ocean/.dotfiles/config/nvim/plugin/lualine.lua:0
106.886  000.011  000.011: sourcing nvim_exec2() called at /home/ocean/.dotfiles/config/nvim/plugin/lualine.lua:0
106.917  000.009  000.009: sourcing nvim_exec2() called at /home/ocean/.dotfiles/config/nvim/plugin/lualine.lua:0
106.955  000.009  000.009: sourcing nvim_exec2() called at /home/ocean/.dotfiles/config/nvim/plugin/lualine.lua:0
106.983  000.009  000.009: sourcing nvim_exec2() called at /home/ocean/.dotfiles/config/nvim/plugin/lualine.lua:0
107.011  000.009  000.009: sourcing nvim_exec2() called at /home/ocean/.dotfiles/config/nvim/plugin/lualine.lua:0
107.038  000.008  000.008: sourcing nvim_exec2() called at /home/ocean/.dotfiles/config/nvim/plugin/lualine.lua:0
107.092  000.015  000.015: sourcing nvim_exec2() called at /home/ocean/.dotfiles/config/nvim/plugin/lualine.lua:0
107.121  000.008  000.008: sourcing nvim_exec2() called at /home/ocean/.dotfiles/config/nvim/plugin/lualine.lua:0
107.261  000.054  000.054: sourcing nvim_exec2() called at /home/ocean/.dotfiles/config/nvim/plugin/lualine.lua:0
107.320  000.009  000.009: sourcing nvim_exec2() called at /home/ocean/.dotfiles/config/nvim/plugin/lualine.lua:0
107.462  000.010  000.010: sourcing nvim_exec2() called at /home/ocean/.dotfiles/config/nvim/plugin/lualine.lua:0
107.492  000.008  000.008: sourcing nvim_exec2() called at /home/ocean/.dotfiles/config/nvim/plugin/lualine.lua:0
107.520  000.008  000.008: sourcing nvim_exec2() called at /home/ocean/.dotfiles/config/nvim/plugin/lualine.lua:0
107.573  000.014  000.014: sourcing nvim_exec2() called at /home/ocean/.dotfiles/config/nvim/plugin/lualine.lua:0
107.602  000.009  000.009: sourcing nvim_exec2() called at /home/ocean/.dotfiles/config/nvim/plugin/lualine.lua:0
107.628  000.008  000.008: sourcing nvim_exec2() called at /home/ocean/.dotfiles/config/nvim/plugin/lualine.lua:0
107.662  000.009  000.009: sourcing nvim_exec2() called at /home/ocean/.dotfiles/config/nvim/plugin/lualine.lua:0
107.688  000.009  000.009: sourcing nvim_exec2() called at /home/ocean/.dotfiles/config/nvim/plugin/lualine.lua:0
107.715  000.008  000.008: sourcing nvim_exec2() called at /home/ocean/.dotfiles/config/nvim/plugin/lualine.lua:0
107.750  000.011  000.011: sourcing nvim_exec2() called at /home/ocean/.dotfiles/config/nvim/plugin/lualine.lua:0
107.791  000.013  000.013: sourcing nvim_exec2() called at /home/ocean/.dotfiles/config/nvim/plugin/lualine.lua:0
107.832  000.009  000.009: sourcing nvim_exec2() called at /home/ocean/.dotfiles/config/nvim/plugin/lualine.lua:0
107.866  000.009  000.009: sourcing nvim_exec2() called at /home/ocean/.dotfiles/config/nvim/plugin/lualine.lua:0
107.893  000.008  000.008: sourcing nvim_exec2() called at /home/ocean/.dotfiles/config/nvim/plugin/lualine.lua:0
107.917  000.008  000.008: sourcing nvim_exec2() called at /home/ocean/.dotfiles/config/nvim/plugin/lualine.lua:0
107.950  000.009  000.009: sourcing nvim_exec2() called at /home/ocean/.dotfiles/config/nvim/plugin/lualine.lua:0
107.978  000.009  000.009: sourcing nvim_exec2() called at /home/ocean/.dotfiles/config/nvim/plugin/lualine.lua:0
110.452  000.056  000.056: sourcing nvim_exec2() called at /home/ocean/.dotfiles/config/nvim/plugin/lualine.lua:0
110.580  000.029  000.029: sourcing nvim_exec2() called at /home/ocean/.dotfiles/config/nvim/plugin/lualine.lua:0
110.662  000.063  000.063: sourcing nvim_exec2() called at /home/ocean/.dotfiles/config/nvim/plugin/lualine.lua:0
110.704  000.025  000.025: sourcing nvim_exec2() called at /home/ocean/.dotfiles/config/nvim/plugin/lualine.lua:0
110.732  000.016  000.016: sourcing nvim_exec2() called at /home/ocean/.dotfiles/config/nvim/plugin/lualine.lua:0
110.768  029.224  024.026: sourcing /home/ocean/.config/nvim/plugin/lualine.lua
111.030  000.164  000.164: sourcing /home/ocean/.config/nvim/plugin/mason.lua
113.865  001.481  001.481: require('mini.files')
114.320  000.134  000.134: sourcing nvim_exec2() called at /home/ocean/.dotfiles/config/nvim/plugin/mini-files.lua:0
114.363  000.021  000.021: sourcing nvim_exec2() called at /home/ocean/.dotfiles/config/nvim/plugin/mini-files.lua:0
114.624  003.523  001.887: sourcing /home/ocean/.config/nvim/plugin/mini-files.lua
114.864  000.153  000.153: sourcing /home/ocean/.config/nvim/plugin/nvim-parinfer.lua
119.226  000.908  000.908: require('nvim-surround')
119.460  002.282  001.374: sourcing /home/ocean/.local/share/nvim/site/pack/core/opt/nvim-surround/plugin/nvim-surround.lua
119.788  004.854  002.573: sourcing /home/ocean/.config/nvim/plugin/nvim-surround.lua
121.530  001.667  001.667: sourcing /home/ocean/.config/nvim/plugin/nvim-treesitter-textobjects.lua
124.317  000.194  000.194: require('vim.treesitter.language')
124.449  000.114  000.114: require('vim.func')
124.668  000.209  000.209: require('vim.treesitter._range')
124.996  000.309  000.309: require('vim.func._memoize')
125.091  001.219  000.393: require('vim.treesitter.query')
125.169  001.548  000.329: require('vim.treesitter.languagetree')
125.191  001.862  000.314: require('vim.treesitter')
125.620  002.554  000.692: sourcing /home/ocean/.local/share/nvim/site/pack/core/opt/nvim-treesitter/plugin/filetypes.lua
125.928  000.213  000.213: sourcing /home/ocean/.local/share/nvim/site/pack/core/opt/nvim-treesitter/plugin/nvim-treesitter.lua
126.224  000.216  000.216: sourcing /home/ocean/.local/share/nvim/site/pack/core/opt/nvim-treesitter/plugin/query_predicates.lua
126.992  000.397  000.397: require('nvim-treesitter')
127.680  000.425  000.425: require('nvim-treesitter.async')
127.988  000.297  000.297: require('nvim-treesitter.config')
128.311  000.312  000.312: require('nvim-treesitter.log')
131.209  002.887  002.887: require('nvim-treesitter.parsers')
131.532  000.299  000.299: require('nvim-treesitter.util')
131.597  004.592  000.373: require('nvim-treesitter.install')
134.054  002.441  002.441: require('nvim-treesitter.parsers')
134.744  013.123  002.710: sourcing /home/ocean/.config/nvim/plugin/nvim-treesitter.lua
136.538  000.405  000.405: sourcing /home/ocean/.local/share/nvim/site/pack/core/opt/rainbow-delimiters.nvim/plugin/rainbow-delimiters.lua
137.018  002.171  001.766: sourcing /home/ocean/.config/nvim/plugin/rainbow-delimiters.lua
137.297  000.198  000.198: sourcing /home/ocean/.config/nvim/plugin/smear-cursor.lua
137.525  000.151  000.151: sourcing /home/ocean/.config/nvim/plugin/uv.lua
140.350  000.565  000.565: require('vague.config.internal')
140.366  001.415  000.850: require('vague')
141.621  000.615  000.615: sourcing nvim_exec2() called at /home/ocean/.local/share/nvim/site/pack/core/opt/vague.nvim/colors/vague.lua:0
142.160  000.504  000.504: sourcing nvim_exec2() called at /home/ocean/.local/share/nvim/site/pack/core/opt/vague.nvim/colors/vague.lua:0
143.300  000.292  000.292: require('vague.groups.blink')
143.689  000.367  000.367: require('vague.groups.cmp')
144.345  000.635  000.635: require('vague.groups.common')
144.874  000.237  000.237: require('vague.groups.dashboard')
145.081  000.196  000.196: require('vague.groups.diff')
145.319  000.219  000.219: require('vague.groups.fzf-lua')
145.452  000.119  000.119: require('vague.groups.html')
145.589  000.126  000.126: require('vague.groups.lsp-native')
145.877  000.273  000.273: require('vague.groups.lsp-plugin')
146.019  000.122  000.122: require('vague.groups.mini')
146.163  000.132  000.132: require('vague.groups.modes')
146.302  000.126  000.126: require('vague.groups.neotest')
146.429  000.113  000.113: require('vague.groups.neotree')
146.552  000.111  000.111: require('vague.groups.rainbow-delimiters')
146.669  000.106  000.106: require('vague.groups.snacks-input')
146.790  000.111  000.111: require('vague.groups.snacks-picker')
146.934  000.133  000.133: require('vague.groups.syntax')
147.062  000.110  000.110: require('vague.groups.telescope')
147.266  000.193  000.193: require('vague.groups.treesitter')
147.427  000.141  000.141: require('vague.groups.vim-better-whitespace')
147.437  004.862  001.001: require('vague.groups')
147.444  005.266  000.404: require('vague.highlights')
149.711  000.515  000.515: require('vague.terminal')
149.763  009.093  002.192: sourcing /home/ocean/.local/share/nvim/site/pack/core/opt/vague.nvim/colors/vague.lua
151.250  000.056  000.056: sourcing nvim_exec2() called at ColorScheme Autocommands for "*":0
152.677  000.260  000.260: require('vague.groups.lualine')
152.736  000.021  000.021: sourcing nvim_exec2() called at ColorScheme Autocommands for "*":0
152.755  000.006  000.006: sourcing nvim_exec2() called at ColorScheme Autocommands for "*":0
152.769  000.004  000.004: sourcing nvim_exec2() called at ColorScheme Autocommands for "*":0
152.780  000.004  000.004: sourcing nvim_exec2() called at ColorScheme Autocommands for "*":0
152.918  000.008  000.008: sourcing nvim_exec2() called at ColorScheme Autocommands for "*":0
152.936  000.006  000.006: sourcing nvim_exec2() called at ColorScheme Autocommands for "*":0
153.026  000.009  000.009: sourcing nvim_exec2() called at ColorScheme Autocommands for "*":0
153.042  000.005  000.005: sourcing nvim_exec2() called at ColorScheme Autocommands for "*":0
153.054  000.005  000.005: sourcing nvim_exec2() called at ColorScheme Autocommands for "*":0
153.065  000.004  000.004: sourcing nvim_exec2() called at ColorScheme Autocommands for "*":0
153.077  000.005  000.005: sourcing nvim_exec2() called at ColorScheme Autocommands for "*":0
153.087  000.004  000.004: sourcing nvim_exec2() called at ColorScheme Autocommands for "*":0
153.098  000.004  000.004: sourcing nvim_exec2() called at ColorScheme Autocommands for "*":0
153.108  000.003  000.003: sourcing nvim_exec2() called at ColorScheme Autocommands for "*":0
153.119  000.004  000.004: sourcing nvim_exec2() called at ColorScheme Autocommands for "*":0
153.130  000.004  000.004: sourcing nvim_exec2() called at ColorScheme Autocommands for "*":0
153.182  000.045  000.045: sourcing nvim_exec2() called at ColorScheme Autocommands for "*":0
153.196  000.005  000.005: sourcing nvim_exec2() called at ColorScheme Autocommands for "*":0
153.207  000.004  000.004: sourcing nvim_exec2() called at ColorScheme Autocommands for "*":0
153.218  000.004  000.004: sourcing nvim_exec2() called at ColorScheme Autocommands for "*":0
153.229  000.004  000.004: sourcing nvim_exec2() called at ColorScheme Autocommands for "*":0
153.240  000.004  000.004: sourcing nvim_exec2() called at ColorScheme Autocommands for "*":0
153.251  000.004  000.004: sourcing nvim_exec2() called at ColorScheme Autocommands for "*":0
153.281  000.024  000.024: sourcing nvim_exec2() called at ColorScheme Autocommands for "*":0
153.293  000.005  000.005: sourcing nvim_exec2() called at ColorScheme Autocommands for "*":0
153.306  000.006  000.006: sourcing nvim_exec2() called at ColorScheme Autocommands for "*":0
153.317  000.004  000.004: sourcing nvim_exec2() called at ColorScheme Autocommands for "*":0
153.328  000.004  000.004: sourcing nvim_exec2() called at ColorScheme Autocommands for "*":0
153.338  000.004  000.004: sourcing nvim_exec2() called at ColorScheme Autocommands for "*":0
153.350  000.004  000.004: sourcing nvim_exec2() called at ColorScheme Autocommands for "*":0
153.361  000.004  000.004: sourcing nvim_exec2() called at ColorScheme Autocommands for "*":0
153.373  000.005  000.005: sourcing nvim_exec2() called at ColorScheme Autocommands for "*":0
153.384  000.004  000.004: sourcing nvim_exec2() called at ColorScheme Autocommands for "*":0
153.396  000.004  000.004: sourcing nvim_exec2() called at ColorScheme Autocommands for "*":0
153.408  000.005  000.005: sourcing nvim_exec2() called at ColorScheme Autocommands for "*":0
153.419  000.004  000.004: sourcing nvim_exec2() called at ColorScheme Autocommands for "*":0
153.430  000.004  000.004: sourcing nvim_exec2() called at ColorScheme Autocommands for "*":0
153.442  000.004  000.004: sourcing nvim_exec2() called at ColorScheme Autocommands for "*":0
153.453  000.005  000.005: sourcing nvim_exec2() called at ColorScheme Autocommands for "*":0
153.465  000.005  000.005: sourcing nvim_exec2() called at ColorScheme Autocommands for "*":0
153.476  000.004  000.004: sourcing nvim_exec2() called at ColorScheme Autocommands for "*":0
153.487  000.004  000.004: sourcing nvim_exec2() called at ColorScheme Autocommands for "*":0
153.499  000.004  000.004: sourcing nvim_exec2() called at ColorScheme Autocommands for "*":0
153.510  000.005  000.005: sourcing nvim_exec2() called at ColorScheme Autocommands for "*":0
153.521  000.004  000.004: sourcing nvim_exec2() called at ColorScheme Autocommands for "*":0
153.532  000.004  000.004: sourcing nvim_exec2() called at ColorScheme Autocommands for "*":0
153.543  000.004  000.004: sourcing nvim_exec2() called at ColorScheme Autocommands for "*":0
153.554  000.004  000.004: sourcing nvim_exec2() called at ColorScheme Autocommands for "*":0
153.565  000.004  000.004: sourcing nvim_exec2() called at ColorScheme Autocommands for "*":0
153.576  000.004  000.004: sourcing nvim_exec2() called at ColorScheme Autocommands for "*":0
153.587  000.004  000.004: sourcing nvim_exec2() called at ColorScheme Autocommands for "*":0
153.598  000.004  000.004: sourcing nvim_exec2() called at ColorScheme Autocommands for "*":0
153.609  000.004  000.004: sourcing nvim_exec2() called at ColorScheme Autocommands for "*":0
153.620  000.004  000.004: sourcing nvim_exec2() called at ColorScheme Autocommands for "*":0
153.631  000.004  000.004: sourcing nvim_exec2() called at ColorScheme Autocommands for "*":0
153.642  000.004  000.004: sourcing nvim_exec2() called at ColorScheme Autocommands for "*":0
153.652  000.004  000.004: sourcing nvim_exec2() called at ColorScheme Autocommands for "*":0
153.663  000.004  000.004: sourcing nvim_exec2() called at ColorScheme Autocommands for "*":0
153.674  000.004  000.004: sourcing nvim_exec2() called at ColorScheme Autocommands for "*":0
153.685  000.004  000.004: sourcing nvim_exec2() called at ColorScheme Autocommands for "*":0
153.697  000.004  000.004: sourcing nvim_exec2() called at ColorScheme Autocommands for "*":0
153.707  000.004  000.004: sourcing nvim_exec2() called at ColorScheme Autocommands for "*":0
153.794  000.011  000.011: sourcing nvim_exec2() called at ColorScheme Autocommands for "*":0
153.815  000.007  000.007: sourcing nvim_exec2() called at ColorScheme Autocommands for "*":0
153.835  000.008  000.008: sourcing nvim_exec2() called at ColorScheme Autocommands for "*":0
153.855  000.007  000.007: sourcing nvim_exec2() called at ColorScheme Autocommands for "*":0
153.867  000.005  000.005: sourcing nvim_exec2() called at ColorScheme Autocommands for "*":0
153.879  000.004  000.004: sourcing nvim_exec2() called at ColorScheme Autocommands for "*":0
153.889  000.004  000.004: sourcing nvim_exec2() called at ColorScheme Autocommands for "*":0
153.901  000.005  000.005: sourcing nvim_exec2() called at ColorScheme Autocommands for "*":0
153.913  000.005  000.005: sourcing nvim_exec2() called at ColorScheme Autocommands for "*":0
153.989  000.020  000.020: sourcing nvim_exec2() called at ColorScheme Autocommands for "*":0
154.042  000.010  000.010: sourcing nvim_exec2() called at ColorScheme Autocommands for "*":0
154.073  000.008  000.008: sourcing nvim_exec2() called at ColorScheme Autocommands for "*":0
154.103  000.008  000.008: sourcing nvim_exec2() called at ColorScheme Autocommands for "*":0
154.131  000.007  000.007: sourcing nvim_exec2() called at ColorScheme Autocommands for "*":0
154.181  000.009  000.009: sourcing nvim_exec2() called at ColorScheme Autocommands for "*":0
154.207  000.007  000.007: sourcing nvim_exec2() called at ColorScheme Autocommands for "*":0
154.233  000.006  000.006: sourcing nvim_exec2() called at ColorScheme Autocommands for "*":0
154.316  000.008  000.008: sourcing nvim_exec2() called at ColorScheme Autocommands for "*":0
154.347  000.008  000.008: sourcing nvim_exec2() called at ColorScheme Autocommands for "*":0
154.979  000.017  000.017: sourcing nvim_exec2() called at ColorScheme Autocommands for "*":0
155.375  000.018  000.018: sourcing nvim_exec2() called at ColorScheme Autocommands for "*":0
155.410  000.007  000.007: sourcing nvim_exec2() called at ColorScheme Autocommands for "*":0
155.461  000.039  000.039: sourcing nvim_exec2() called at ColorScheme Autocommands for "*":0
155.653  000.018  000.018: sourcing nvim_exec2() called at ColorScheme Autocommands for "*":0
155.682  000.013  000.013: sourcing nvim_exec2() called at ColorScheme Autocommands for "*":0
155.859  000.014  000.014: sourcing nvim_exec2() called at ColorScheme Autocommands for "*":0
155.892  000.008  000.008: sourcing nvim_exec2() called at ColorScheme Autocommands for "*":0
155.921  000.007  000.007: sourcing nvim_exec2() called at ColorScheme Autocommands for "*":0
155.947  000.007  000.007: sourcing nvim_exec2() called at ColorScheme Autocommands for "*":0
155.980  000.007  000.007: sourcing nvim_exec2() called at ColorScheme Autocommands for "*":0
156.005  000.007  000.007: sourcing nvim_exec2() called at ColorScheme Autocommands for "*":0
156.032  000.009  000.009: sourcing nvim_exec2() called at ColorScheme Autocommands for "*":0
156.070  000.009  000.009: sourcing nvim_exec2() called at ColorScheme Autocommands for "*":0
156.094  000.008  000.008: sourcing nvim_exec2() called at ColorScheme Autocommands for "*":0
156.118  000.007  000.007: sourcing nvim_exec2() called at ColorScheme Autocommands for "*":0
156.263  000.010  000.010: sourcing nvim_exec2() called at ColorScheme Autocommands for "*":0
156.369  000.009  000.009: sourcing nvim_exec2() called at ColorScheme Autocommands for "*":0
156.475  000.008  000.008: sourcing nvim_exec2() called at ColorScheme Autocommands for "*":0
156.547  000.009  000.009: sourcing nvim_exec2() called at ColorScheme Autocommands for "*":0
156.696  000.012  000.012: sourcing nvim_exec2() called at ColorScheme Autocommands for "*":0
156.723  000.007  000.007: sourcing nvim_exec2() called at ColorScheme Autocommands for "*":0
156.745  000.007  000.007: sourcing nvim_exec2() called at ColorScheme Autocommands for "*":0
156.768  000.006  000.006: sourcing nvim_exec2() called at ColorScheme Autocommands for "*":0
156.800  000.006  000.006: sourcing nvim_exec2() called at ColorScheme Autocommands for "*":0
156.824  000.007  000.007: sourcing nvim_exec2() called at ColorScheme Autocommands for "*":0
156.849  000.008  000.008: sourcing nvim_exec2() called at ColorScheme Autocommands for "*":0
156.892  000.026  000.026: sourcing nvim_exec2() called at ColorScheme Autocommands for "*":0
156.919  000.008  000.008: sourcing nvim_exec2() called at ColorScheme Autocommands for "*":0
156.938  000.009  000.009: sourcing nvim_exec2() called at ColorScheme Autocommands for "*":0
156.961  000.013  000.013: sourcing nvim_exec2() called at ColorScheme Autocommands for "*":0
157.398  000.019  000.019: sourcing nvim_exec2() called at ColorScheme Autocommands for "*":0
157.454  000.010  000.010: sourcing nvim_exec2() called at ColorScheme Autocommands for "*":0
157.480  000.008  000.008: sourcing nvim_exec2() called at ColorScheme Autocommands for "*":0
157.507  000.008  000.008: sourcing nvim_exec2() called at ColorScheme Autocommands for "*":0
157.534  000.007  000.007: sourcing nvim_exec2() called at ColorScheme Autocommands for "*":0
157.559  000.007  000.007: sourcing nvim_exec2() called at ColorScheme Autocommands for "*":0
157.586  000.009  000.009: sourcing nvim_exec2() called at ColorScheme Autocommands for "*":0
157.632  000.010  000.010: sourcing nvim_exec2() called at ColorScheme Autocommands for "*":0
157.660  000.008  000.008: sourcing nvim_exec2() called at ColorScheme Autocommands for "*":0
157.688  000.007  000.007: sourcing nvim_exec2() called at ColorScheme Autocommands for "*":0
157.714  000.007  000.007: sourcing nvim_exec2() called at ColorScheme Autocommands for "*":0
157.742  000.007  000.007: sourcing nvim_exec2() called at ColorScheme Autocommands for "*":0
157.769  000.008  000.008: sourcing nvim_exec2() called at ColorScheme Autocommands for "*":0
157.796  000.009  000.009: sourcing nvim_exec2() called at ColorScheme Autocommands for "*":0
157.832  000.009  000.009: sourcing nvim_exec2() called at ColorScheme Autocommands for "*":0
157.857  000.009  000.009: sourcing nvim_exec2() called at ColorScheme Autocommands for "*":0
157.883  000.007  000.007: sourcing nvim_exec2() called at ColorScheme Autocommands for "*":0
157.906  000.007  000.007: sourcing nvim_exec2() called at ColorScheme Autocommands for "*":0
157.931  000.007  000.007: sourcing nvim_exec2() called at ColorScheme Autocommands for "*":0
158.089  000.009  000.009: sourcing nvim_exec2() called at ColorScheme Autocommands for "*":0
158.116  000.009  000.009: sourcing nvim_exec2() called at ColorScheme Autocommands for "*":0
158.173  000.009  000.009: sourcing nvim_exec2() called at ColorScheme Autocommands for "*":0
158.200  000.007  000.007: sourcing nvim_exec2() called at ColorScheme Autocommands for "*":0
158.222  000.007  000.007: sourcing nvim_exec2() called at ColorScheme Autocommands for "*":0
158.244  000.007  000.007: sourcing nvim_exec2() called at ColorScheme Autocommands for "*":0
158.364  000.009  000.009: sourcing nvim_exec2() called at ColorScheme Autocommands for "*":0
158.513  000.011  000.011: sourcing nvim_exec2() called at ColorScheme Autocommands for "*":0
158.543  000.009  000.009: sourcing nvim_exec2() called at ColorScheme Autocommands for "*":0
159.224  000.120  000.120: sourcing nvim_exec2() called at ColorScheme Autocommands for "*":0
159.330  000.025  000.025: sourcing nvim_exec2() called at ColorScheme Autocommands for "*":0
159.390  000.043  000.043: sourcing nvim_exec2() called at ColorScheme Autocommands for "*":0
159.430  000.024  000.024: sourcing nvim_exec2() called at ColorScheme Autocommands for "*":0
159.460  000.017  000.017: sourcing nvim_exec2() called at ColorScheme Autocommands for "*":0
159.623  022.024  009.887: sourcing /home/ocean/.config/nvim/plugin/vague.lua
161.191  000.550  000.550: sourcing /usr/share/nvim/runtime/plugin/gzip.vim
162.937  000.514  000.514: sourcing /usr/share/nvim/runtime/pack/dist/opt/matchit/plugin/matchit.vim
163.106  001.836  001.322: sourcing /usr/share/nvim/runtime/plugin/matchit.vim
163.580  000.402  000.402: sourcing /usr/share/nvim/runtime/plugin/matchparen.vim
165.624  000.735  000.735: sourcing /usr/share/nvim/runtime/pack/dist/opt/netrw/plugin/netrwPlugin.vim
165.811  002.108  001.373: sourcing /usr/share/nvim/runtime/plugin/netrwPlugin.vim
166.383  000.490  000.490: sourcing /usr/share/nvim/runtime/plugin/rplugin.vim
166.774  000.306  000.306: sourcing /usr/share/nvim/runtime/plugin/tarPlugin.vim
166.962  000.068  000.068: sourcing /usr/share/nvim/runtime/plugin/tutor.vim
167.636  000.617  000.617: sourcing /usr/share/nvim/runtime/plugin/zipPlugin.vim
168.035  000.307  000.307: sourcing /usr/share/nvim/runtime/plugin/editorconfig.lua
168.354  000.243  000.243: sourcing /usr/share/nvim/runtime/plugin/man.lua
168.819  000.392  000.392: sourcing /usr/share/nvim/runtime/plugin/net.lua
169.107  000.215  000.215: sourcing /usr/share/nvim/runtime/plugin/osc52.lua
169.549  000.354  000.354: sourcing /usr/share/nvim/runtime/plugin/shada.lua
169.936  000.274  000.274: sourcing /usr/share/nvim/runtime/plugin/spellfile.lua
171.939  001.702  001.702: sourcing /usr/share/vim/vimfiles/plugin/fzf.vim
171.963  005.855: loading rtp plugins
172.479  000.517: loading packages
172.488  000.008: loading after plugins
172.518  000.030: inits 3
178.960  006.443: reading ShaDa
179.295  000.335: opening buffers
179.630  000.335: BufEnter autocommands
179.641  000.011: editing files in windows
179.659  000.018: --- NVIM STARTED ---

